                        .module intro.c
                        .area text(rom, con, rel)
 0000                   .dbfile C:\MPU_2025_2\snake-game\utils\intro.c
                        .area text(rom, con, rel)
 0000                   .dbfile C:\MPU_2025_2\snake-game\utils\intro.c
 0000                   .dbfunc e LCD_intro _LCD_intro#Fvv fV 3
                        .even
 0000           _LCD_intro#Fvv::
 0000                   .dbblock 3
 0000                   .dbline 4
 0000 0E940000          xcall _LCD_Clear#Fvv
 0004                   .dbline 5
 0004 0E940000          xcall _Cursor_Home#Fvv
 0008                   .dbline 6
 0008 00E0              ldi R16,<_2#A5_c
 000A 10E0              ldi R17,>_2#A5_c
 000C 0E940000          xcall _LCD_STR#FvPh
 0010                   .dbline 7
 0010 04EF              ldi R16,500
 0012 11E0              ldi R17,1
 0014 0E940000          xcall _LCD_delay#Fvj
 0018                   .dbline 8
 0018 0E940000          xcall _Cursor_Home#Fvv
 001C                   .dbline 9
 001C 00E0              ldi R16,<_3#A5_c
 001E 10E0              ldi R17,>_3#A5_c
 0020 0E940000          xcall _LCD_STR#FvPh
 0024                   .dbline 10
 0024 04EF              ldi R16,500
 0026 11E0              ldi R17,1
 0028 0E940000          xcall _LCD_delay#Fvj
 002C                   .dbline 11
 002C 0E940000          xcall _Cursor_Home#Fvv
 0030                   .dbline 12
 0030 00E0              ldi R16,<_4#A5_c
 0032 10E0              ldi R17,>_4#A5_c
 0034 0E940000          xcall _LCD_STR#FvPh
 0038                   .dbline 13
 0038 04EF              ldi R16,500
 003A 11E0              ldi R17,1
 003C 0E940000          xcall _LCD_delay#Fvj
 0040                   .dbline 14
 0040 0E940000          xcall _Cursor_Home#Fvv
 0044                   .dbline 15
 0044 00E0              ldi R16,<_5#A5_c
 0046 10E0              ldi R17,>_5#A5_c
 0048 0E940000          xcall _LCD_STR#FvPh
 004C                   .dbline 16
 004C 04EF              ldi R16,500
 004E 11E0              ldi R17,1
 0050 0E940000          xcall _LCD_delay#Fvj
 0054                   .dbblkend 19
 0054           L1:
 0054 0C940000          xjmp _LCD_Clear#Fvv
 0058                   .dbfuncend
 0058                   .dbstacksize -2
                        .area data(ram, con, rel)
 0000                   .dbfile C:\MPU_2025_2\snake-game\utils\intro.c
 0000           _5#A5_c:
 0000                   .blkb 5
                        .area idata(rom)
 0000 474F212100        .byte 'G,'O,33,33,0
                        .area data(ram, con, rel)
 0005                   .dbfile C:\MPU_2025_2\snake-game\utils\intro.c
 0005           _4#A5_c:
 0005                   .blkb 5
                        .area idata(rom)
 0005 312E2E2E00        .byte 49,46,46,46,0
                        .area data(ram, con, rel)
 000A                   .dbfile C:\MPU_2025_2\snake-game\utils\intro.c
 000A           _3#A5_c:
 000A                   .blkb 5
                        .area idata(rom)
 000A 322E2E2E00        .byte 50,46,46,46,0
                        .area data(ram, con, rel)
 000F                   .dbfile C:\MPU_2025_2\snake-game\utils\intro.c
 000F           _2#A5_c:
 000F                   .blkb 5
                        .area idata(rom)
 000F 332E2E2E00        .byte 51,46,46,46,0
                        .area data(ram, con, rel)
 0014                   .dbfile C:\MPU_2025_2\snake-game\utils\intro.c
