                        .module lcd.c
                        .area text(rom, con, rel)
 0000                   .dbfile C:\MPU_2025_2\snake-game\utils\lcd.c
                        .area text(rom, con, rel)
 0000                   .dbfile C:\MPU_2025_2\snake-game\utils\lcd.c
 0000                   .dbfunc e LCD_delay _LCD_delay#Fvj fV 3
 0000           ;             ms -> R10,R11
                        .even
 0000           _LCD_delay#Fvj::
 0000 AA92              st -y,R10
 0002 BA92              st -y,R11
 0004 5801              movw R10,R16
 0006                   .dbblock 3
 0006                   .dbline 4
 0006 8501              movw R16,R10
 0008 0E940000          xcall _delay_ms#Fvj
 000C                   .dbblkend 5
 000C           L1:
 000C B990              ld R11,y+
 000E A990              ld R10,y+
 0010 0895              ret
 0012                   .dbfuncend
 0012                   .dbsym r ms 10 i
 0012                   .dbstacksize -2
 0012                   .dbfunc e PortInit _PortInit#Fvv fV 7
                        .even
 0012           _PortInit#Fvv::
 0012                   .dbblock 7
 0012                   .dbline 8
 0012 8FEF              ldi R24,255
 0014 8ABB              out 0x1a,R24
 0016                   .dbline 9
 0016 8FE0              ldi R24,15
 0018 80936400          sts 100,R24
 001C                   .dbblkend 10
 001C           L2:
 001C 0895              ret
 001E                   .dbfuncend
 001E                   .dbstacksize -2
 001E                   .dbfunc e LCD_Data _LCD_Data#Fvh fV 12
 001E           ;             ch -> R10
                        .even
 001E           _LCD_Data#Fvh::
 001E AA92              st -y,R10
 0020 A02E              mov R10,R16
 0022                   .dbblock 12
 0022                   .dbline 13
 0022 80916500          lds R24,101
 0026 8460              ori R24,4
 0028 80936500          sts 101,R24
 002C                   .dbline 14
 002C 80916500          lds R24,101
 0030 8D7F              andi R24,253
 0032 80936500          sts 101,R24
 0036                   .dbline 15
 0036 80916500          lds R24,101
 003A 8160              ori R24,1
 003C 80936500          sts 101,R24
 0040                   .dbline 16
 0040 02E3              ldi R16,50
 0042 10E0              ldi R17,0
 0044 0E940000          xcall _delay_us#Fvj
 0048                   .dbline 18
 0048 ABBA              out 0x1b,R10
 004A                   .dbline 19
 004A 02E3              ldi R16,50
 004C 10E0              ldi R17,0
 004E 0E940000          xcall _delay_us#Fvj
 0052                   .dbline 21
 0052 80916500          lds R24,101
 0056 8E7F              andi R24,254
 0058 80936500          sts 101,R24
 005C                   .dbblkend 22
 005C           L3:
 005C A990              ld R10,y+
 005E 0895              ret
 0060                   .dbfuncend
 0060                   .dbsym r ch 10 c
 0060                   .dbstacksize -3
 0060                   .dbfunc e LCD_Comm _LCD_Comm#Fvh fV 24
 0060           ;             ch -> R10
                        .even
 0060           _LCD_Comm#Fvh::
 0060 AA92              st -y,R10
 0062 A02E              mov R10,R16
 0064                   .dbblock 24
 0064                   .dbline 25
 0064 80916500          lds R24,101
 0068 8B7F              andi R24,251
 006A 80936500          sts 101,R24
 006E                   .dbline 26
 006E 80916500          lds R24,101
 0072 8D7F              andi R24,253
 0074 80936500          sts 101,R24
 0078                   .dbline 27
 0078 80916500          lds R24,101
 007C 8160              ori R24,1
 007E 80936500          sts 101,R24
 0082                   .dbline 28
 0082 02E3              ldi R16,50
 0084 10E0              ldi R17,0
 0086 0E940000          xcall _delay_us#Fvj
 008A                   .dbline 30
 008A ABBA              out 0x1b,R10
 008C                   .dbline 31
 008C 02E3              ldi R16,50
 008E 10E0              ldi R17,0
 0090 0E940000          xcall _delay_us#Fvj
 0094                   .dbline 33
 0094 80916500          lds R24,101
 0098 8E7F              andi R24,254
 009A 80936500          sts 101,R24
 009E                   .dbblkend 34
 009E           L4:
 009E A990              ld R10,y+
 00A0 0895              ret
 00A2                   .dbfuncend
 00A2                   .dbsym r ch 10 c
 00A2                   .dbstacksize -3
 00A2                   .dbfunc e LCD_Shift _LCD_Shift#Fvc fV 36
 00A2           ;              p -> R20
                        .even
 00A2           _LCD_Shift#Fvc::
 00A2 4A93              st -y,R20
 00A4 402F              mov R20,R16
 00A6                   .dbblock 36
 00A6                   .dbline 37
 00A6 4130              cpi R20,1
 00A8 29F4              brne L6
 00AA           X0:
 00AA                   .dbline 38
 00AA 0CE1              ldi R16,28
 00AC D9DF              xcall _LCD_Comm#Fvh
 00AE                   .dbline 39
 00AE 01E0              ldi R16,1
 00B0 10E0              ldi R17,0
 00B2 A6DF              xcall _LCD_delay#Fvj
 00B4           L6:
 00B4                   .dbline 42
 00B4 4423              tst R20
 00B6 29F4              brne L8
 00B8           X1:
 00B8                   .dbline 43
 00B8 08E1              ldi R16,24
 00BA D2DF              xcall _LCD_Comm#Fvh
 00BC                   .dbline 44
 00BC 01E0              ldi R16,1
 00BE 10E0              ldi R17,0
 00C0 9FDF              xcall _LCD_delay#Fvj
 00C2           L8:
 00C2                   .dbblkend 46
 00C2           L5:
 00C2 4991              ld R20,y+
 00C4 0895              ret
 00C6                   .dbfuncend
 00C6                   .dbsym r p 20 c
 00C6                   .dbstacksize -3
 00C6                   .dbfunc e LCD_CHAR _LCD_CHAR#Fvh fV 48
 00C6           ;              c -> R10
                        .even
 00C6           _LCD_CHAR#Fvh::
 00C6 AA92              st -y,R10
 00C8 A02E              mov R10,R16
 00CA                   .dbblock 48
 00CA                   .dbline 49
 00CA 01E0              ldi R16,1
 00CC 10E0              ldi R17,0
 00CE 98DF              xcall _LCD_delay#Fvj
 00D0                   .dbline 50
 00D0 0A2D              mov R16,R10
 00D2 A5DF              xcall _LCD_Data#Fvh
 00D4                   .dbblkend 51
 00D4           L10:
 00D4 A990              ld R10,y+
 00D6 0895              ret
 00D8                   .dbfuncend
 00D8                   .dbsym r c 10 c
 00D8                   .dbstacksize -3
 00D8                   .dbfunc e LCD_STR _LCD_STR#FvPh fV 53
 00D8           ;            str -> R20,R21
                        .even
 00D8           _LCD_STR#FvPh::
 00D8 4A93              st -y,R20
 00DA 5A93              st -y,R21
 00DC A801              movw R20,R16
 00DE                   .dbblock 53
 00DE                   .dbline 53
 00DE 05C0              xjmp L13
 00E0           L12:
 00E0                   .dbline 55
 00E0 FA01              movw R30,R20
 00E2 0081              ldd R16,z+0
 00E4 F0DF              xcall _LCD_CHAR#Fvh
 00E6                   .dbline 56
 00E6 4F5F              subi R20,255  ; offset = 1
 00E8 5F4F              sbci R21,255
 00EA           L13:
 00EA                   .dbline 54
 00EA FA01              movw R30,R20
 00EC 2080              ldd R2,z+0
 00EE 2220              tst R2
 00F0 B9F7              brne L12
 00F2           X2:
 00F2                   .dbblkend 58
 00F2           L11:
 00F2 5991              ld R21,y+
 00F4 4991              ld R20,y+
 00F6 0895              ret
 00F8                   .dbfuncend
 00F8                   .dbsym r str 20 pc
 00F8                   .dbstacksize -2
 00F8                   .dbfunc e LCD_pos _LCD_pos#Fvhh fV 60
 00F8           ;            col -> R10
 00F8           ;            row -> R12
                        .even
 00F8           _LCD_pos#Fvhh::
 00F8 AA92              st -y,R10
 00FA CA92              st -y,R12
 00FC A22E              mov R10,R18
 00FE C02E              mov R12,R16
 0100                   .dbblock 60
 0100                   .dbline 61
 0100 2C2D              mov R18,R12
 0102 3327              clr R19
 0104 00E4              ldi R16,64
 0106 10E0              ldi R17,0
 0108 0E940000          xcall empy16s
 010C 0A0D              add R16,R10
 010E 0068              ori R16,128
 0110 A7DF              xcall _LCD_Comm#Fvh
 0112                   .dbblkend 62
 0112           L15:
 0112 C990              ld R12,y+
 0114 A990              ld R10,y+
 0116 0895              ret
 0118                   .dbfuncend
 0118                   .dbsym r col 10 c
 0118                   .dbsym r row 12 c
 0118                   .dbstacksize -4
 0118                   .dbfunc e LCD_Clear _LCD_Clear#Fvv fV 64
                        .even
 0118           _LCD_Clear#Fvv::
 0118                   .dbblock 64
 0118                   .dbline 65
 0118 01E0              ldi R16,1
 011A A2DF              xcall _LCD_Comm#Fvh
 011C                   .dbline 66
 011C 02E0              ldi R16,2
 011E 10E0              ldi R17,0
 0120                   .dbblkend 67
 0120           L16:
 0120 6FCF              xjmp _LCD_delay#Fvj
 0122                   .dbfuncend
 0122                   .dbstacksize -2
 0122                   .dbfunc e LCD_Init _LCD_Init#Fvv fV 69
                        .even
 0122           _LCD_Init#Fvv::
 0122                   .dbblock 69
 0122                   .dbline 70
 0122 08E3              ldi R16,56
 0124 9DDF              xcall _LCD_Comm#Fvh
 0126                   .dbline 71
 0126 02E0              ldi R16,2
 0128 10E0              ldi R17,0
 012A 6ADF              xcall _LCD_delay#Fvj
 012C                   .dbline 72
 012C 08E3              ldi R16,56
 012E 98DF              xcall _LCD_Comm#Fvh
 0130                   .dbline 73
 0130 02E0              ldi R16,2
 0132 10E0              ldi R17,0
 0134 65DF              xcall _LCD_delay#Fvj
 0136                   .dbline 74
 0136 08E3              ldi R16,56
 0138 93DF              xcall _LCD_Comm#Fvh
 013A                   .dbline 75
 013A 02E0              ldi R16,2
 013C 10E0              ldi R17,0
 013E 60DF              xcall _LCD_delay#Fvj
 0140                   .dbline 77
 0140 0CE0              ldi R16,12
 0142 8EDF              xcall _LCD_Comm#Fvh
 0144                   .dbline 78
 0144 02E0              ldi R16,2
 0146 10E0              ldi R17,0
 0148 5BDF              xcall _LCD_delay#Fvj
 014A                   .dbline 79
 014A 06E0              ldi R16,6
 014C 89DF              xcall _LCD_Comm#Fvh
 014E                   .dbline 80
 014E 02E0              ldi R16,2
 0150 10E0              ldi R17,0
 0152 56DF              xcall _LCD_delay#Fvj
 0154                   .dbblkend 83
 0154           L17:
 0154 E1CF              xjmp _LCD_Clear#Fvv
 0156                   .dbfuncend
 0156                   .dbstacksize -2
 0156                   .dbfunc e Cursor_Home _Cursor_Home#Fvv fV 85
                        .even
 0156           _Cursor_Home#Fvv::
 0156                   .dbblock 85
 0156                   .dbline 86
 0156 02E0              ldi R16,2
 0158 83DF              xcall _LCD_Comm#Fvh
 015A                   .dbline 87
 015A 02E0              ldi R16,2
 015C 10E0              ldi R17,0
 015E                   .dbblkend 88
 015E           L18:
 015E 50CF              xjmp _LCD_delay#Fvj
 0160                   .dbfuncend
 0160                   .dbstacksize -2
